# JRE version: Java(TM) SE Runtime Environment (8.0_65-b17) (build 1.8.0_65-b17)
# Java VM: Java HotSpot(TM) 64-Bit Server VM (25.65-b01 mixed mode linux-amd64 compressed oops)
Heap:
 PSYoungGen      total 66560K, used 6729K [0x00000000d8180000, 0x00000000e0380000, 0x0000000100000000)
  eden space 61440K, 2% used [0x00000000d8180000,0x00000000d8319cf8,0x00000000dbd80000)
  from space 5120K, 99% used [0x00000000dbd80000,0x00000000dc2788f0,0x00000000dc280000)
  to   space 5120K, 0% used [0x00000000dfe80000,0x00000000dfe80000,0x00000000e0380000)
 ParOldGen       total 81920K, used 8861K [0x0000000088400000, 0x000000008d400000, 0x00000000d8180000)
  object space 81920K, 10% used [0x0000000088400000,0x0000000088ca7608,0x000000008d400000)
 Metaspace       used 18327K, capacity 19250K, committed 19584K, reserved 1067008K
  class space    used 2277K, capacity 2563K, committed 2688K, reserved 1048576K
GC Heap History (6 events):
Event: 0,448 GC heap before
{Heap before GC invocations=1 (full 0):
 PSYoungGen      total 35840K, used 30720K [0x00000000d8180000, 0x00000000da980000, 0x0000000100000000)
  eden space 30720K, 100% used [0x00000000d8180000,0x00000000d9f80000,0x00000000d9f80000)
  from space 5120K, 0% used [0x00000000da480000,0x00000000da480000,0x00000000da980000)
  to   space 5120K, 0% used [0x00000000d9f80000,0x00000000d9f80000,0x00000000da480000)
 ParOldGen       total 81920K, used 0K [0x0000000088400000, 0x000000008d400000, 0x00000000d8180000)
  object space 81920K, 0% used [0x0000000088400000,0x0000000088400000,0x000000008d400000)
 Metaspace       used 9239K, capacity 9308K, committed 9600K, reserved 1058816K
  class space    used 1040K, capacity 1072K, committed 1152K, reserved 1048576K
Event: 0,455 GC heap after
Heap after GC invocations=1 (full 0):
 PSYoungGen      total 35840K, used 2150K [0x00000000d8180000, 0x00000000dc780000, 0x0000000100000000)
  eden space 30720K, 0% used [0x00000000d8180000,0x00000000d8180000,0x00000000d9f80000)
  from space 5120K, 41% used [0x00000000d9f80000,0x00000000da199810,0x00000000da480000)
  to   space 5120K, 0% used [0x00000000dc280000,0x00000000dc280000,0x00000000dc780000)
 ParOldGen       total 81920K, used 0K [0x0000000088400000, 0x000000008d400000, 0x00000000d8180000)
  object space 81920K, 0% used [0x0000000088400000,0x0000000088400000,0x000000008d400000)
 Metaspace       used 9239K, capacity 9308K, committed 9600K, reserved 1058816K
  class space    used 1040K, capacity 1072K, committed 1152K, reserved 1048576K
}
Event: 0,831 GC heap before
{Heap before GC invocations=2 (full 0):
 PSYoungGen      total 35840K, used 32870K [0x00000000d8180000, 0x00000000dc780000, 0x0000000100000000)
  eden space 30720K, 100% used [0x00000000d8180000,0x00000000d9f80000,0x00000000d9f80000)
  from space 5120K, 41% used [0x00000000d9f80000,0x00000000da199810,0x00000000da480000)
  to   space 5120K, 0% used [0x00000000dc280000,0x00000000dc280000,0x00000000dc780000)
 ParOldGen       total 81920K, used 0K [0x0000000088400000, 0x000000008d400000, 0x00000000d8180000)
  object space 81920K, 0% used [0x0000000088400000,0x0000000088400000,0x000000008d400000)
 Metaspace       used 11769K, capacity 12546K, committed 12672K, reserved 1060864K
  class space    used 1390K, capacity 1625K, committed 1664K, reserved 1048576K
Event: 0,851 GC heap after
Heap after GC invocations=2 (full 0):
 PSYoungGen      total 66560K, used 5105K [0x00000000d8180000, 0x00000000dc780000, 0x0000000100000000)
  eden space 61440K, 0% used [0x00000000d8180000,0x00000000d8180000,0x00000000dbd80000)
  from space 5120K, 99% used [0x00000000dc280000,0x00000000dc77c500,0x00000000dc780000)
  to   space 5120K, 0% used [0x00000000dbd80000,0x00000000dbd80000,0x00000000dc280000)
 ParOldGen       total 81920K, used 4028K [0x0000000088400000, 0x000000008d400000, 0x00000000d8180000)
  object space 81920K, 4% used [0x0000000088400000,0x00000000887ef348,0x000000008d400000)
 Metaspace       used 11769K, capacity 12546K, committed 12672K, reserved 1060864K
  class space    used 1390K, capacity 1625K, committed 1664K, reserved 1048576K
}
Event: 1,980 GC heap before
{Heap before GC invocations=3 (full 0):
 PSYoungGen      total 66560K, used 66545K [0x00000000d8180000, 0x00000000dc780000, 0x0000000100000000)
  eden space 61440K, 100% used [0x00000000d8180000,0x00000000dbd80000,0x00000000dbd80000)
  from space 5120K, 99% used [0x00000000dc280000,0x00000000dc77c500,0x00000000dc780000)
  to   space 5120K, 0% used [0x00000000dbd80000,0x00000000dbd80000,0x00000000dc280000)
 ParOldGen       total 81920K, used 4028K [0x0000000088400000, 0x000000008d400000, 0x00000000d8180000)
  object space 81920K, 4% used [0x0000000088400000,0x00000000887ef348,0x000000008d400000)
 Metaspace       used 18325K, capacity 19250K, committed 19584K, reserved 1067008K
  class space    used 2277K, capacity 2563K, committed 2688K, reserved 1048576K
Event: 2,003 GC heap after
Heap after GC invocations=3 (full 0):
 PSYoungGen      total 66560K, used 5090K [0x00000000d8180000, 0x00000000e0380000, 0x0000000100000000)
  eden space 61440K, 0% used [0x00000000d8180000,0x00000000d8180000,0x00000000dbd80000)
  from space 5120K, 99% used [0x00000000dbd80000,0x00000000dc2788f0,0x00000000dc280000)
  to   space 5120K, 0% used [0x00000000dfe80000,0x00000000dfe80000,0x00000000e0380000)
 ParOldGen       total 81920K, used 8861K [0x0000000088400000, 0x000000008d400000, 0x00000000d8180000)
  object space 81920K, 10% used [0x0000000088400000,0x0000000088ca7608,0x000000008d400000)
 Metaspace       used 18325K, capacity 19250K, committed 19584K, reserved 1067008K
  class space    used 2277K, capacity 2563K, committed 2688K, reserved 1048576K
}

