# JRE version: Java(TM) SE Runtime Environment (8.0_65-b17) (build 1.8.0_65-b17)
# Java VM: Java HotSpot(TM) 64-Bit Server VM (25.65-b01 mixed mode linux-amd64 compressed oops)
Heap:
 PSYoungGen      total 35840K, used 5927K [0x00000000d8180000, 0x00000000dc780000, 0x0000000100000000)
  eden space 30720K, 2% used [0x00000000d8180000,0x00000000d82514e0,0x00000000d9f80000)
  from space 5120K, 99% used [0x00000000d9f80000,0x00000000da4788d0,0x00000000da480000)
  to   space 5120K, 0% used [0x00000000dc280000,0x00000000dc280000,0x00000000dc780000)
 ParOldGen       total 81920K, used 8738K [0x0000000088400000, 0x000000008d400000, 0x00000000d8180000)
  object space 81920K, 10% used [0x0000000088400000,0x0000000088c88878,0x000000008d400000)
 Metaspace       used 18311K, capacity 19250K, committed 19584K, reserved 1067008K
  class space    used 2277K, capacity 2563K, committed 2688K, reserved 1048576K
GC Heap History (6 events):
Event: 0,355 GC heap before
{Heap before GC invocations=1 (full 0):
 PSYoungGen      total 35840K, used 30720K [0x00000000d8180000, 0x00000000da980000, 0x0000000100000000)
  eden space 30720K, 100% used [0x00000000d8180000,0x00000000d9f80000,0x00000000d9f80000)
  from space 5120K, 0% used [0x00000000da480000,0x00000000da480000,0x00000000da980000)
  to   space 5120K, 0% used [0x00000000d9f80000,0x00000000d9f80000,0x00000000da480000)
 ParOldGen       total 81920K, used 0K [0x0000000088400000, 0x000000008d400000, 0x00000000d8180000)
  object space 81920K, 0% used [0x0000000088400000,0x0000000088400000,0x000000008d400000)
 Metaspace       used 9429K, capacity 9500K, committed 9600K, reserved 1058816K
  class space    used 1064K, capacity 1072K, committed 1152K, reserved 1048576K
Event: 0,358 GC heap after
Heap after GC invocations=1 (full 0):
 PSYoungGen      total 35840K, used 2388K [0x00000000d8180000, 0x00000000da980000, 0x0000000100000000)
  eden space 30720K, 0% used [0x00000000d8180000,0x00000000d8180000,0x00000000d9f80000)
  from space 5120K, 46% used [0x00000000d9f80000,0x00000000da1d5158,0x00000000da480000)
  to   space 5120K, 0% used [0x00000000da480000,0x00000000da480000,0x00000000da980000)
 ParOldGen       total 81920K, used 0K [0x0000000088400000, 0x000000008d400000, 0x00000000d8180000)
  object space 81920K, 0% used [0x0000000088400000,0x0000000088400000,0x000000008d400000)
 Metaspace       used 9429K, capacity 9500K, committed 9600K, reserved 1058816K
  class space    used 1064K, capacity 1072K, committed 1152K, reserved 1048576K
}
Event: 0,692 GC heap before
{Heap before GC invocations=2 (full 0):
 PSYoungGen      total 35840K, used 33108K [0x00000000d8180000, 0x00000000da980000, 0x0000000100000000)
  eden space 30720K, 100% used [0x00000000d8180000,0x00000000d9f80000,0x00000000d9f80000)
  from space 5120K, 46% used [0x00000000d9f80000,0x00000000da1d5158,0x00000000da480000)
  to   space 5120K, 0% used [0x00000000da480000,0x00000000da480000,0x00000000da980000)
 ParOldGen       total 81920K, used 0K [0x0000000088400000, 0x000000008d400000, 0x00000000d8180000)
  object space 81920K, 0% used [0x0000000088400000,0x0000000088400000,0x000000008d400000)
 Metaspace       used 12375K, capacity 13180K, committed 13312K, reserved 1060864K
  class space    used 1459K, capacity 1702K, committed 1792K, reserved 1048576K
Event: 0,702 GC heap after
Heap after GC invocations=2 (full 0):
 PSYoungGen      total 35840K, used 5109K [0x00000000d8180000, 0x00000000dc780000, 0x0000000100000000)
  eden space 30720K, 0% used [0x00000000d8180000,0x00000000d8180000,0x00000000d9f80000)
  from space 5120K, 99% used [0x00000000da480000,0x00000000da97d500,0x00000000da980000)
  to   space 5120K, 0% used [0x00000000d9f80000,0x00000000d9f80000,0x00000000da480000)
 ParOldGen       total 81920K, used 4118K [0x0000000088400000, 0x000000008d400000, 0x00000000d8180000)
  object space 81920K, 5% used [0x0000000088400000,0x0000000088805958,0x000000008d400000)
 Metaspace       used 12375K, capacity 13180K, committed 13312K, reserved 1060864K
  class space    used 1459K, capacity 1702K, committed 1792K, reserved 1048576K
}
Event: 1,613 GC heap before
{Heap before GC invocations=3 (full 0):
 PSYoungGen      total 35840K, used 35829K [0x00000000d8180000, 0x00000000dc780000, 0x0000000100000000)
  eden space 30720K, 100% used [0x00000000d8180000,0x00000000d9f80000,0x00000000d9f80000)
  from space 5120K, 99% used [0x00000000da480000,0x00000000da97d500,0x00000000da980000)
  to   space 5120K, 0% used [0x00000000d9f80000,0x00000000d9f80000,0x00000000da480000)
 ParOldGen       total 81920K, used 4118K [0x0000000088400000, 0x000000008d400000, 0x00000000d8180000)
  object space 81920K, 5% used [0x0000000088400000,0x0000000088805958,0x000000008d400000)
 Metaspace       used 18292K, capacity 19250K, committed 19584K, reserved 1067008K
  class space    used 2275K, capacity 2563K, committed 2688K, reserved 1048576K
Event: 1,624 GC heap after
Heap after GC invocations=3 (full 0):
 PSYoungGen      total 35840K, used 5090K [0x00000000d8180000, 0x00000000dc780000, 0x0000000100000000)
  eden space 30720K, 0% used [0x00000000d8180000,0x00000000d8180000,0x00000000d9f80000)
  from space 5120K, 99% used [0x00000000d9f80000,0x00000000da4788d0,0x00000000da480000)
  to   space 5120K, 0% used [0x00000000dc280000,0x00000000dc280000,0x00000000dc780000)
 ParOldGen       total 81920K, used 8738K [0x0000000088400000, 0x000000008d400000, 0x00000000d8180000)
  object space 81920K, 10% used [0x0000000088400000,0x0000000088c88878,0x000000008d400000)
 Metaspace       used 18292K, capacity 19250K, committed 19584K, reserved 1067008K
  class space    used 2275K, capacity 2563K, committed 2688K, reserved 1048576K
}

