# JRE version: Java(TM) SE Runtime Environment (8.0_65-b17) (build 1.8.0_65-b17)
# Java VM: Java HotSpot(TM) 64-Bit Server VM (25.65-b01 mixed mode linux-amd64 compressed oops)
Heap:
 PSYoungGen      total 66560K, used 6319K [0x00000000d8180000, 0x00000000e0380000, 0x0000000100000000)
  eden space 61440K, 2% used [0x00000000d8180000,0x00000000d82b3520,0x00000000dbd80000)
  from space 5120K, 99% used [0x00000000dbd80000,0x00000000dc2788d0,0x00000000dc280000)
  to   space 5120K, 0% used [0x00000000dfe80000,0x00000000dfe80000,0x00000000e0380000)
 ParOldGen       total 81920K, used 8813K [0x0000000088400000, 0x000000008d400000, 0x00000000d8180000)
  object space 81920K, 10% used [0x0000000088400000,0x0000000088c9b470,0x000000008d400000)
 Metaspace       used 18311K, capacity 19250K, committed 19584K, reserved 1067008K
  class space    used 2279K, capacity 2563K, committed 2688K, reserved 1048576K
GC Heap History (6 events):
Event: 0,464 GC heap before
{Heap before GC invocations=1 (full 0):
 PSYoungGen      total 35840K, used 30720K [0x00000000d8180000, 0x00000000da980000, 0x0000000100000000)
  eden space 30720K, 100% used [0x00000000d8180000,0x00000000d9f80000,0x00000000d9f80000)
  from space 5120K, 0% used [0x00000000da480000,0x00000000da480000,0x00000000da980000)
  to   space 5120K, 0% used [0x00000000d9f80000,0x00000000d9f80000,0x00000000da480000)
 ParOldGen       total 81920K, used 0K [0x0000000088400000, 0x000000008d400000, 0x00000000d8180000)
  object space 81920K, 0% used [0x0000000088400000,0x0000000088400000,0x000000008d400000)
 Metaspace       used 9191K, capacity 9244K, committed 9344K, reserved 1056768K
  class space    used 1037K, capacity 1072K, committed 1152K, reserved 1048576K
Event: 0,469 GC heap after
Heap after GC invocations=1 (full 0):
 PSYoungGen      total 35840K, used 2548K [0x00000000d8180000, 0x00000000dc780000, 0x0000000100000000)
  eden space 30720K, 0% used [0x00000000d8180000,0x00000000d8180000,0x00000000d9f80000)
  from space 5120K, 49% used [0x00000000d9f80000,0x00000000da1fd158,0x00000000da480000)
  to   space 5120K, 0% used [0x00000000dc280000,0x00000000dc280000,0x00000000dc780000)
 ParOldGen       total 81920K, used 0K [0x0000000088400000, 0x000000008d400000, 0x00000000d8180000)
  object space 81920K, 0% used [0x0000000088400000,0x0000000088400000,0x000000008d400000)
 Metaspace       used 9191K, capacity 9244K, committed 9344K, reserved 1056768K
  class space    used 1037K, capacity 1072K, committed 1152K, reserved 1048576K
}
Event: 0,845 GC heap before
{Heap before GC invocations=2 (full 0):
 PSYoungGen      total 35840K, used 33268K [0x00000000d8180000, 0x00000000dc780000, 0x0000000100000000)
  eden space 30720K, 100% used [0x00000000d8180000,0x00000000d9f80000,0x00000000d9f80000)
  from space 5120K, 49% used [0x00000000d9f80000,0x00000000da1fd158,0x00000000da480000)
  to   space 5120K, 0% used [0x00000000dc280000,0x00000000dc280000,0x00000000dc780000)
 ParOldGen       total 81920K, used 0K [0x0000000088400000, 0x000000008d400000, 0x00000000d8180000)
  object space 81920K, 0% used [0x0000000088400000,0x0000000088400000,0x000000008d400000)
 Metaspace       used 12271K, capacity 13052K, committed 13312K, reserved 1060864K
  class space    used 1435K, capacity 1670K, committed 1792K, reserved 1048576K
Event: 0,856 GC heap after
Heap after GC invocations=2 (full 0):
 PSYoungGen      total 66560K, used 5093K [0x00000000d8180000, 0x00000000dc780000, 0x0000000100000000)
  eden space 61440K, 0% used [0x00000000d8180000,0x00000000d8180000,0x00000000dbd80000)
  from space 5120K, 99% used [0x00000000dc280000,0x00000000dc7794f0,0x00000000dc780000)
  to   space 5120K, 0% used [0x00000000dbd80000,0x00000000dbd80000,0x00000000dc280000)
 ParOldGen       total 81920K, used 4112K [0x0000000088400000, 0x000000008d400000, 0x00000000d8180000)
  object space 81920K, 5% used [0x0000000088400000,0x0000000088804208,0x000000008d400000)
 Metaspace       used 12271K, capacity 13052K, committed 13312K, reserved 1060864K
  class space    used 1435K, capacity 1670K, committed 1792K, reserved 1048576K
}
Event: 1,951 GC heap before
{Heap before GC invocations=3 (full 0):
 PSYoungGen      total 66560K, used 66533K [0x00000000d8180000, 0x00000000dc780000, 0x0000000100000000)
  eden space 61440K, 100% used [0x00000000d8180000,0x00000000dbd80000,0x00000000dbd80000)
  from space 5120K, 99% used [0x00000000dc280000,0x00000000dc7794f0,0x00000000dc780000)
  to   space 5120K, 0% used [0x00000000dbd80000,0x00000000dbd80000,0x00000000dc280000)
 ParOldGen       total 81920K, used 4112K [0x0000000088400000, 0x000000008d400000, 0x00000000d8180000)
  object space 81920K, 5% used [0x0000000088400000,0x0000000088804208,0x000000008d400000)
 Metaspace       used 18309K, capacity 19250K, committed 19584K, reserved 1067008K
  class space    used 2279K, capacity 2563K, committed 2688K, reserved 1048576K
Event: 1,968 GC heap after
Heap after GC invocations=3 (full 0):
 PSYoungGen      total 66560K, used 5090K [0x00000000d8180000, 0x00000000e0380000, 0x0000000100000000)
  eden space 61440K, 0% used [0x00000000d8180000,0x00000000d8180000,0x00000000dbd80000)
  from space 5120K, 99% used [0x00000000dbd80000,0x00000000dc2788d0,0x00000000dc280000)
  to   space 5120K, 0% used [0x00000000dfe80000,0x00000000dfe80000,0x00000000e0380000)
 ParOldGen       total 81920K, used 8813K [0x0000000088400000, 0x000000008d400000, 0x00000000d8180000)
  object space 81920K, 10% used [0x0000000088400000,0x0000000088c9b470,0x000000008d400000)
 Metaspace       used 18309K, capacity 19250K, committed 19584K, reserved 1067008K
  class space    used 2279K, capacity 2563K, committed 2688K, reserved 1048576K
}

